0 info it worked if it ends with ok
1 verbose cli [ 'D:\\node\\node.exe',
1 verbose cli   'D:\\node\\node_modules\\npm\\bin\\npm-cli.js',
1 verbose cli   'version',
1 verbose cli   'patch' ]
2 info using npm@2.15.9
3 info using node@v4.5.0
4 info git [ 'status', '--porcelain' ]
5 verbose stack Error: Git working directory not clean.
5 verbose stack D npm-debug.log
5 verbose stack     at D:\node\node_modules\npm\lib\version.js:171:21
5 verbose stack     at ChildProcess.exithandler (child_process.js:204:7)
5 verbose stack     at emitTwo (events.js:87:13)
5 verbose stack     at ChildProcess.emit (events.js:172:7)
5 verbose stack     at maybeClose (internal/child_process.js:829:16)
5 verbose stack     at Process.ChildProcess._handle.onexit (internal/child_process.js:211:5)
6 verbose cwd D:\wamp64\www\passwordRulesHelper
7 error Windows_NT 10.0.10586
8 error argv "D:\\node\\node.exe" "D:\\node\\node_modules\\npm\\bin\\npm-cli.js" "version" "patch"
9 error node v4.5.0
10 error npm  v2.15.9
11 error Git working directory not clean.
11 error D npm-debug.log
12 error If you need help, you may report this error at:
12 error     <https://github.com/npm/npm/issues>
13 verbose exit [ 1, true ]
